2024-11-21 22:16:04 - Starting C:\Users\Cosmi\othub\windows-edge-node-app\node_modules\electron\dist\electron.exe  --max-old-space-size=4096 C:\Users\Cosmi\othub\windows-edge-node-app\node_modules\node-windows\lib\wrapper.js --file C:\Users\Cosmi\othub\windows-edge-node-app\src\service\index.js --scriptoptions= --log "ParaSync Service wrapper" --grow 0.25 --wait 1 --maxrestarts 3 --abortonerror n --stopparentfirst undefined
2024-11-21 22:16:04 - Started 27632
2024-11-21 22:17:13 - Stopping parasyncservice.exe
2024-11-21 22:17:13 - ProcessKill 27632
2024-11-21 22:17:13 - Found child process: 15348 Name: electron.exe
2024-11-21 22:17:13 - Found child process: 25716 Name: electron.exe
2024-11-21 22:17:13 - Found child process: 7160 Name: electron.exe
2024-11-21 22:17:13 - Stopping process 15348
2024-11-21 22:17:13 - Send SIGINT 15348
2024-11-21 22:17:13 - SIGINT to 15348 failed - Killing as fallback
2024-11-21 22:17:13 - Stopping process 25716
2024-11-21 22:17:13 - Send SIGINT 25716
2024-11-21 22:17:13 - SIGINT to 25716 failed - Killing as fallback
2024-11-21 22:17:13 - Stopping process 7160
2024-11-21 22:17:13 - Send SIGINT 7160
2024-11-21 22:17:13 - SIGINT to 7160 failed - Killing as fallback
2024-11-21 22:17:13 - Stopping process 27632
2024-11-21 22:17:13 - Send SIGINT 27632
2024-11-21 22:17:13 - SIGINT to 27632 failed - Killing as fallback
2024-11-21 22:17:13 - Finished parasyncservice.exe
2024-11-21 22:17:14 - Starting C:\Users\Cosmi\othub\windows-edge-node-app\node_modules\electron\dist\electron.exe  --max-old-space-size=4096 C:\Users\Cosmi\othub\windows-edge-node-app\node_modules\node-windows\lib\wrapper.js --file C:\Users\Cosmi\othub\windows-edge-node-app\src\service\index.js --scriptoptions= --log "ParaSync Service wrapper" --grow 0.25 --wait 1 --maxrestarts 3 --abortonerror n --stopparentfirst undefined
2024-11-21 22:17:14 - Started 11968
2024-11-21 22:58:15 - Stopping parasyncservice.exe
2024-11-21 22:58:15 - ProcessKill 11968
2024-11-21 22:58:15 - Found child process: 9160 Name: electron.exe
2024-11-21 22:58:15 - Found child process: 12460 Name: electron.exe
2024-11-21 22:58:15 - Found child process: 28156 Name: electron.exe
2024-11-21 22:58:15 - Stopping process 9160
2024-11-21 22:58:15 - Send SIGINT 9160
2024-11-21 22:58:15 - SIGINT to 9160 failed - Killing as fallback
2024-11-21 22:58:15 - Stopping process 12460
2024-11-21 22:58:15 - Send SIGINT 12460
2024-11-21 22:58:15 - SIGINT to 12460 failed - Killing as fallback
2024-11-21 22:58:16 - Stopping process 28156
2024-11-21 22:58:16 - Send SIGINT 28156
2024-11-21 22:58:16 - SIGINT to 28156 failed - Killing as fallback
2024-11-21 22:58:16 - Stopping process 11968
2024-11-21 22:58:16 - Send SIGINT 11968
2024-11-21 22:58:16 - SIGINT to 11968 failed - Killing as fallback
2024-11-21 22:58:16 - Finished parasyncservice.exe
